<?xml version="1.0" encoding="UTF-8"?>
<robot generator="Robot 3.1.1 (Python 3.7.3 on win32)" generated="20190409 14:55:14.343" rpa="false">
<suite id="s1" name="Robot Project" source="C:\Users\InternDN19.01.02\eclipse-workspace\Team2_Robot\robot_project">
<suite id="s1-s1" name="Src" source="C:\Users\InternDN19.01.02\eclipse-workspace\Team2_Robot\robot_project\src">
<suite id="s1-s1-s1" name="Test" source="C:\Users\InternDN19.01.02\eclipse-workspace\Team2_Robot\robot_project\src\test">
<suite id="s1-s1-s1-s1" name="Login" source="C:\Users\InternDN19.01.02\eclipse-workspace\Team2_Robot\robot_project\src\test\login.robot">
<test id="s1-s1-s1-s1-t1" name="Valid Login">
<kw name="Open Browser To Login Page">
<kw name="Open Browser" library="Selenium2Library">
<doc>Opens a new browser instance to the given ``url``.</doc>
<arguments>
<arg>${LoginUrl}</arg>
<arg>${Browser}</arg>
</arguments>
<msg timestamp="20190409 14:55:14.631" level="INFO">Opening browser 'Chrome' to base url 'https://petshop.vn/account/login/'.</msg>
<status status="PASS" starttime="20190409 14:55:14.630" endtime="20190409 14:55:20.647"></status>
</kw>
<kw name="Maximize Browser Window" library="Selenium2Library">
<doc>Maximizes current browser window.</doc>
<status status="PASS" starttime="20190409 14:55:20.649" endtime="20190409 14:55:21.781"></status>
</kw>
<status status="PASS" starttime="20190409 14:55:14.630" endtime="20190409 14:55:21.782"></status>
</kw>
<kw name="Input Username">
<kw name="Input Text" library="Selenium2Library">
<doc>Types the given ``text`` into text field identified by ``locator``.</doc>
<arguments>
<arg>id=email</arg>
<arg>${username}</arg>
</arguments>
<msg timestamp="20190409 14:55:21.783" level="INFO">Typing text 'dong.nguyen26it@gmail.com' into text field 'id=email'.</msg>
<status status="PASS" starttime="20190409 14:55:21.783" endtime="20190409 14:55:22.005"></status>
</kw>
<status status="PASS" starttime="20190409 14:55:21.782" endtime="20190409 14:55:22.005"></status>
</kw>
<kw name="Input Password">
<kw name="Input Text" library="Selenium2Library">
<doc>Types the given ``text`` into text field identified by ``locator``.</doc>
<arguments>
<arg>id=pass</arg>
<arg>${ErrPassword}</arg>
</arguments>
<msg timestamp="20190409 14:55:22.006" level="INFO">Typing text 't0ikh0elamluona' into text field 'id=pass'.</msg>
<status status="PASS" starttime="20190409 14:55:22.006" endtime="20190409 14:55:22.118"></status>
</kw>
<status status="PASS" starttime="20190409 14:55:22.005" endtime="20190409 14:55:22.118"></status>
</kw>
<kw name="Submit Credentials">
<kw name="Click Button" library="Selenium2Library">
<doc>Clicks button identified by ``locator``.</doc>
<arguments>
<arg>id=send2</arg>
</arguments>
<msg timestamp="20190409 14:55:22.120" level="INFO">Clicking button 'id=send2'.</msg>
<status status="PASS" starttime="20190409 14:55:22.119" endtime="20190409 14:55:23.211"></status>
</kw>
<status status="PASS" starttime="20190409 14:55:22.119" endtime="20190409 14:55:23.211"></status>
</kw>
<kw name="Sleep" library="BuiltIn">
<doc>Pauses the test executed for the given time.</doc>
<arguments>
<arg>${Delay}</arg>
</arguments>
<msg timestamp="20190409 14:55:28.214" level="INFO">Slept 5 seconds</msg>
<status status="PASS" starttime="20190409 14:55:23.212" endtime="20190409 14:55:28.214"></status>
</kw>
<kw name="Welcome Page Should Be Open">
<kw name="Location Should Be" library="Selenium2Library">
<doc>Verifies that current URL is exactly ``url``.</doc>
<arguments>
<arg>${WelcomeUrl}</arg>
</arguments>
<msg timestamp="20190409 14:55:28.222" level="INFO">Current location is 'https://petshop.vn/account'.</msg>
<status status="PASS" starttime="20190409 14:55:28.216" endtime="20190409 14:55:28.222"></status>
</kw>
<kw name="Title Should Be" library="Selenium2Library">
<doc>Verifies that current page title equals ``title``.</doc>
<arguments>
<arg>Trang khách hàng</arg>
</arguments>
<msg timestamp="20190409 14:55:28.230" level="INFO">Page title is 'Trang khách hàng'.</msg>
<status status="PASS" starttime="20190409 14:55:28.223" endtime="20190409 14:55:28.231"></status>
</kw>
<status status="PASS" starttime="20190409 14:55:28.215" endtime="20190409 14:55:28.231"></status>
</kw>
<kw name="Click Logout">
<kw name="Click Element" library="Selenium2Library">
<doc>Click element identified by ``locator``.</doc>
<arguments>
<arg>xpath=//a[@class="login_acc"]/span[@class="hidden-xs"]</arg>
</arguments>
<msg timestamp="20190409 14:55:28.233" level="INFO">Clicking element 'xpath=//a[@class="login_acc"]/span[@class="hidden-xs"]'.</msg>
<status status="PASS" starttime="20190409 14:55:28.232" endtime="20190409 14:55:28.316"></status>
</kw>
<kw name="Click Element" library="Selenium2Library">
<doc>Click element identified by ``locator``.</doc>
<arguments>
<arg>xpath=//a[@id="customer_logout_link"]</arg>
</arguments>
<msg timestamp="20190409 14:55:28.317" level="INFO">Clicking element 'xpath=//a[@id="customer_logout_link"]'.</msg>
<status status="PASS" starttime="20190409 14:55:28.317" endtime="20190409 14:55:30.335"></status>
</kw>
<status status="PASS" starttime="20190409 14:55:28.232" endtime="20190409 14:55:30.336"></status>
</kw>
<kw name="Close Browser" library="Selenium2Library" type="teardown">
<doc>Closes the current browser.</doc>
<status status="PASS" starttime="20190409 14:55:30.337" endtime="20190409 14:55:32.513"></status>
</kw>
<status status="PASS" starttime="20190409 14:55:14.629" endtime="20190409 14:55:32.514" critical="yes"></status>
</test>
<status status="PASS" starttime="20190409 14:55:14.417" endtime="20190409 14:55:32.516"></status>
</suite>
<status status="PASS" starttime="20190409 14:55:14.414" endtime="20190409 14:55:32.522"></status>
</suite>
<status status="PASS" starttime="20190409 14:55:14.411" endtime="20190409 14:55:32.528"></status>
</suite>
<status status="PASS" starttime="20190409 14:55:14.381" endtime="20190409 14:55:32.534"></status>
</suite>
<statistics>
<total>
<stat pass="1" fail="0">Critical Tests</stat>
<stat pass="1" fail="0">All Tests</stat>
</total>
<tag>
</tag>
<suite>
<stat pass="1" fail="0" id="s1" name="Robot Project">Robot Project</stat>
<stat pass="1" fail="0" id="s1-s1" name="Src">Robot Project.Src</stat>
<stat pass="1" fail="0" id="s1-s1-s1" name="Test">Robot Project.Src.Test</stat>
<stat pass="1" fail="0" id="s1-s1-s1-s1" name="Login">Robot Project.Src.Test.Login</stat>
</suite>
</statistics>
<errors>
<msg timestamp="20190409 14:55:14.626" level="ERROR">Error in file 'C:\Users\InternDN19.01.02\eclipse-workspace\Team2_Robot\robot_project\src\Resource\Setup.robot': Importing test library 'PageObjectLibrary' failed: ModuleNotFoundError: No module named 'PageObjectLibrary'
Traceback (most recent call last):
  None
PYTHONPATH:
  C:\Users\InternDN19.01.02\eclipse-workspace\Team2_Robot\robot_project
  C:\Users\InternDN19.01.02\AppData\Local\Programs\Python\Python37-32\python37.zip
  C:\Users\InternDN19.01.02\AppData\Local\Programs\Python\Python37-32\DLLs
  C:\Users\InternDN19.01.02\AppData\Local\Programs\Python\Python37-32\lib
  C:\Users\InternDN19.01.02\AppData\Local\Programs\Python\Python37-32
  C:\Users\InternDN19.01.02\AppData\Roaming\Python\Python37\site-packages
  C:\Users\InternDN19.01.02\AppData\Local\Programs\Python\Python37-32\lib\site-packages</msg>
</errors>
</robot>
